#
# There is insufficient memory for the Java Runtime Environment to continue.
# Native memory allocation (malloc) failed to allocate 343056 bytes for Chunk::new
# Possible reasons:
#   The system is out of physical RAM or swap space
#   The process is running with CompressedOops enabled, and the Java Heap may be blocking the growth of the native heap
# Possible solutions:
#   Reduce memory load on the system
#   Increase physical memory or swap space
#   Check if swap backing store is full
#   Decrease Java heap size (-Xmx/-Xms)
#   Decrease number of Java threads
#   Decrease Java thread stack sizes (-Xss)
#   Set larger code cache with -XX:ReservedCodeCacheSize=
#   JVM is running with Unscaled Compressed Oops mode in which the Java heap is
#     placed in the first 4GB address space. The Java Heap base address is the
#     maximum limit for the native heap growth. Please use -XX:HeapBaseMinAddress
#     to set the Java Heap base and to place the Java Heap above 4GB virtual address.
# This output file may be truncated or incomplete.
#
#  Out of Memory Error (allocation.cpp:389), pid=10692, tid=0x0000000000002f0c
#
# JRE version: OpenJDK Runtime Environment (8.0_202-b03) (build 1.8.0_202-release-1483-b03)
# Java VM: OpenJDK 64-Bit Server VM (25.202-b03 mixed mode windows-amd64 compressed oops)
# Failed to write core dump. Minidumps are not enabled by default on client versions of Windows
#

---------------  T H R E A D  ---------------

Current thread (0x0000000015d1d000):  JavaThread "C2 CompilerThread1" daemon [_thread_in_native, id=12044, stack(0x0000000017460000,0x0000000017560000)]

Stack: [0x0000000017460000,0x0000000017560000]
[error occurred during error reporting (printing stack bounds), id 0xc0000005]

Native frames: (J=compiled Java code, j=interpreted, Vv=VM code, C=native code)


Current CompileTask:
C2:   1755 1447   !   4       java.net.URLClassLoader$1::run (63 bytes)


---------------  P R O C E S S  ---------------

Java Threads: ( => current thread )
  0x0000000015d2f800 JavaThread "Cache worker for journal cache (C:\Users\AB_IR\.gradle\caches\journal-1)" [_thread_blocked, id=14708, stack(0x000000001a8b0000,0x000000001a9b0000)]
  0x0000000015d2b800 JavaThread "File lock request listener" [_thread_in_native, id=14840, stack(0x000000001a7b0000,0x000000001a8b0000)]
  0x0000000018f4a800 JavaThread "Cache worker for file hash cache (C:\Users\AB_IR\.gradle\caches\5.4.1\fileHashes)" [_thread_blocked, id=7852, stack(0x000000001a6b0000,0x000000001a7b0000)]
  0x00000000178e6800 JavaThread "Thread-9" [_thread_blocked, id=16740, stack(0x000000001a5b0000,0x000000001a6b0000)]
  0x0000000018ce8800 JavaThread "Stdin handler" [_thread_blocked, id=6012, stack(0x000000001a4b0000,0x000000001a5b0000)]
  0x0000000018f7c800 JavaThread "Asynchronous log dispatcher for DefaultDaemonConnection: socket connection from /127.0.0.1:51092 to /127.0.0.1:51093" [_thread_blocked, id=3296, stack(0x000000001a3b0000,0x000000001a4b0000)]
  0x0000000018f7b000 JavaThread "Daemon worker" [_thread_in_native, id=3928, stack(0x000000001a2b0000,0x000000001a3b0000)]
  0x0000000017900800 JavaThread "Cancel handler" [_thread_blocked, id=15908, stack(0x000000001a1b0000,0x000000001a2b0000)]
  0x0000000017c72000 JavaThread "Handler for socket connection from /127.0.0.1:51092 to /127.0.0.1:51093" [_thread_in_native, id=6132, stack(0x0000000019eb0000,0x0000000019fb0000)]
  0x0000000017c77000 JavaThread "Daemon" [_thread_blocked, id=14920, stack(0x0000000019db0000,0x0000000019eb0000)]
  0x0000000017cba800 JavaThread "Daemon periodic checks" [_thread_blocked, id=12824, stack(0x0000000019cb0000,0x0000000019db0000)]
  0x000000001790d800 JavaThread "Incoming local TCP Connector on port 51092" [_thread_in_native, id=13180, stack(0x0000000019a70000,0x0000000019b70000)]
  0x0000000018fe3000 JavaThread "Daemon health stats" [_thread_blocked, id=15620, stack(0x0000000019430000,0x0000000019530000)]
  0x00000000176a8000 JavaThread "Service Thread" daemon [_thread_blocked, id=14512, stack(0x0000000017a60000,0x0000000017b60000)]
  0x0000000015d30000 JavaThread "C1 CompilerThread2" daemon [_thread_blocked, id=14788, stack(0x0000000017560000,0x0000000017660000)]
=>0x0000000015d1d000 JavaThread "C2 CompilerThread1" daemon [_thread_in_native, id=12044, stack(0x0000000017460000,0x0000000017560000)]
  0x0000000015d14800 JavaThread "C2 CompilerThread0" daemon [_thread_in_native, id=13396, stack(0x0000000017360000,0x0000000017460000)]
  0x0000000015d13800 JavaThread "Attach Listener" daemon [_thread_blocked, id=2748, stack(0x0000000017260000,0x0000000017360000)]
  0x0000000015d18000 JavaThread "Signal Dispatcher" daemon [_thread_blocked, id=10556, stack(0x0000000017160000,0x0000000017260000)]
  0x000000000239c000 JavaThread "Finalizer" daemon [_thread_blocked, id=8908, stack(0x0000000016f60000,0x0000000017060000)]
  0x0000000002392000 JavaThread "Reference Handler" daemon [_thread_blocked, id=2096, stack(0x0000000016e60000,0x0000000016f60000)]
  0x000000000229e000 JavaThread "main" [_thread_blocked, id=10848, stack(0x0000000002100000,0x0000000002200000)]

Other Threads:
  0x0000000015cd6800 VMThread [stack: 0x0000000016d60000,0x0000000016e60000] [id=11820]
  0x0000000015d6d000 WatcherThread [stack: 0x0000000017b60000,0x0000000017c60000] [id=6556]

VM state:not at safepoint (normal execution)

VM Mutex/Monitor currently owned by a thread: None

heap address: 0x00000000a0000000, size: 1536 MB, Compressed Oops mode: 32-bit
Narrow klass base: 0x0000000000000000, Narrow klass shift: 3
Compressed class space size: 1073741824 Address: 0x0000000100000000

Heap:
 PSYoungGen      total 38400K, used 11292K [0x00000000e0000000, 0x00000000e2a80000, 0x0000000100000000)
  eden space 33280K, 18% used [0x00000000e0000000,0x00000000e060b178,0x00000000e2080000)
  from space 5120K, 99% used [0x00000000e2580000,0x00000000e2a7c030,0x00000000e2a80000)
  to   space 5120K, 0% used [0x00000000e2080000,0x00000000e2080000,0x00000000e2580000)
 ParOldGen       total 87552K, used 4970K [0x00000000a0000000, 0x00000000a5580000, 0x00000000e0000000)
  object space 87552K, 5% used [0x00000000a0000000,0x00000000a04da8d8,0x00000000a5580000)
 Metaspace       used 16616K, capacity 16976K, committed 17152K, reserved 1064960K
  class space    used 2386K, capacity 2542K, committed 2560K, reserved 1048576K

Card table byte_map: [0x0000000011760000,0x0000000011a70000] byte_map_base: 0x0000000011260000

Marking Bits: (ParMarkBitMap*) 0x000000006bb59f30
 Begin Bits: [0x0000000012070000, 0x0000000013870000)
 End Bits:   [0x0000000013870000, 0x0000000015070000)

Polling page: 0x0000000002200000

CodeCache: size=245760Kb used=5297Kb max_used=5297Kb free=240462Kb
 bounds [0x00000000023a0000, 0x00000000028d0000, 0x00000000113a0000]
 total_blobs=1918 nmethods=1522 adapters=309
 compilation: enabled

Compilation events (10 events):
Event: 1.744 Thread 0x0000000015d30000 1527   !   3       java.lang.StringCoding::decode (120 bytes)
Event: 1.746 Thread 0x0000000015d30000 nmethod 1527 0x00000000028c9490 code [0x00000000028c97c0, 0x00000000028cb1d8]
Event: 1.746 Thread 0x0000000015d30000 1528       3       java.io.WinNTFileSystem::parentOrNull (171 bytes)
Event: 1.746 Thread 0x0000000015d30000 nmethod 1528 0x00000000028cc090 code [0x00000000028cc2c0, 0x00000000028cd038]
Event: 1.754 Thread 0x0000000015d30000 1529       3       org.gradle.internal.service.DefaultServiceRegistry$ManagedObjectServiceProvider::requiredBy (20 bytes)
Event: 1.754 Thread 0x0000000015d30000 nmethod 1529 0x00000000028cd550 code [0x00000000028cd6e0, 0x00000000028cdc08]
Event: 1.754 Thread 0x0000000015d30000 1530       3       org.gradle.internal.service.DefaultServiceRegistry$ManagedObjectServiceProvider::fromSameRegistry (27 bytes)
Event: 1.754 Thread 0x0000000015d30000 nmethod 1530 0x00000000028cdd50 code [0x00000000028cdec0, 0x00000000028ce290]
Event: 1.754 Thread 0x0000000015d30000 1531       3       org.gradle.internal.service.DefaultServiceRegistry$ParentServices::getService (11 bytes)
Event: 1.754 Thread 0x0000000015d30000 nmethod 1531 0x00000000028ce350 code [0x00000000028ce4c0, 0x00000000028ce6e8]

GC Heap History (8 events):
Event: 0.507 GC heap before
{Heap before GC invocations=1 (full 0):
 PSYoungGen      total 38400K, used 33280K [0x00000000e0000000, 0x00000000e2a80000, 0x0000000100000000)
  eden space 33280K, 100% used [0x00000000e0000000,0x00000000e2080000,0x00000000e2080000)
  from space 5120K, 0% used [0x00000000e2580000,0x00000000e2580000,0x00000000e2a80000)
  to   space 5120K, 0% used [0x00000000e2080000,0x00000000e2080000,0x00000000e2580000)
 ParOldGen       total 87552K, used 0K [0x00000000a0000000, 0x00000000a5580000, 0x00000000e0000000)
  object space 87552K, 0% used [0x00000000a0000000,0x00000000a0000000,0x00000000a5580000)
 Metaspace       used 6643K, capacity 6796K, committed 7040K, reserved 1056768K
  class space    used 811K, capacity 844K, committed 896K, reserved 1048576K
Event: 0.511 GC heap after
Heap after GC invocations=1 (full 0):
 PSYoungGen      total 38400K, used 4143K [0x00000000e0000000, 0x00000000e2a80000, 0x0000000100000000)
  eden space 33280K, 0% used [0x00000000e0000000,0x00000000e0000000,0x00000000e2080000)
  from space 5120K, 80% used [0x00000000e2080000,0x00000000e248bc10,0x00000000e2580000)
  to   space 5120K, 0% used [0x00000000e2580000,0x00000000e2580000,0x00000000e2a80000)
 ParOldGen       total 87552K, used 8K [0x00000000a0000000, 0x00000000a5580000, 0x00000000e0000000)
  object space 87552K, 0% used [0x00000000a0000000,0x00000000a0002000,0x00000000a5580000)
 Metaspace       used 6643K, capacity 6796K, committed 7040K, reserved 1056768K
  class space    used 811K, capacity 844K, committed 896K, reserved 1048576K
}
Event: 0.792 GC heap before
{Heap before GC invocations=2 (full 0):
 PSYoungGen      total 38400K, used 37423K [0x00000000e0000000, 0x00000000e2a80000, 0x0000000100000000)
  eden space 33280K, 100% used [0x00000000e0000000,0x00000000e2080000,0x00000000e2080000)
  from space 5120K, 80% used [0x00000000e2080000,0x00000000e248bc10,0x00000000e2580000)
  to   space 5120K, 0% used [0x00000000e2580000,0x00000000e2580000,0x00000000e2a80000)
 ParOldGen       total 87552K, used 8K [0x00000000a0000000, 0x00000000a5580000, 0x00000000e0000000)
  object space 87552K, 0% used [0x00000000a0000000,0x00000000a0002000,0x00000000a5580000)
 Metaspace       used 8975K, capacity 9198K, committed 9472K, reserved 1056768K
  class space    used 1169K, capacity 1257K, committed 1280K, reserved 1048576K
Event: 0.795 GC heap after
Heap after GC invocations=2 (full 0):
 PSYoungGen      total 38400K, used 4513K [0x00000000e0000000, 0x00000000e2a80000, 0x0000000100000000)
  eden space 33280K, 0% used [0x00000000e0000000,0x00000000e0000000,0x00000000e2080000)
  from space 5120K, 88% used [0x00000000e2580000,0x00000000e29e85e0,0x00000000e2a80000)
  to   space 5120K, 0% used [0x00000000e2080000,0x00000000e2080000,0x00000000e2580000)
 ParOldGen       total 87552K, used 16K [0x00000000a0000000, 0x00000000a5580000, 0x00000000e0000000)
  object space 87552K, 0% used [0x00000000a0000000,0x00000000a0004000,0x00000000a5580000)
 Metaspace       used 8975K, capacity 9198K, committed 9472K, reserved 1056768K
  class space    used 1169K, capacity 1257K, committed 1280K, reserved 1048576K
}
Event: 1.466 GC heap before
{Heap before GC invocations=3 (full 0):
 PSYoungGen      total 38400K, used 37793K [0x00000000e0000000, 0x00000000e2a80000, 0x0000000100000000)
  eden space 33280K, 100% used [0x00000000e0000000,0x00000000e2080000,0x00000000e2080000)
  from space 5120K, 88% used [0x00000000e2580000,0x00000000e29e85e0,0x00000000e2a80000)
  to   space 5120K, 0% used [0x00000000e2080000,0x00000000e2080000,0x00000000e2580000)
 ParOldGen       total 87552K, used 16K [0x00000000a0000000, 0x00000000a5580000, 0x00000000e0000000)
  object space 87552K, 0% used [0x00000000a0000000,0x00000000a0004000,0x00000000a5580000)
 Metaspace       used 13361K, capacity 13664K, committed 13824K, reserved 1060864K
  class space    used 1845K, capacity 1988K, committed 2048K, reserved 1048576K
Event: 1.470 GC heap after
Heap after GC invocations=3 (full 0):
 PSYoungGen      total 38400K, used 5088K [0x00000000e0000000, 0x00000000e2a80000, 0x0000000100000000)
  eden space 33280K, 0% used [0x00000000e0000000,0x00000000e0000000,0x00000000e2080000)
  from space 5120K, 99% used [0x00000000e2080000,0x00000000e2578020,0x00000000e2580000)
  to   space 5120K, 0% used [0x00000000e2580000,0x00000000e2580000,0x00000000e2a80000)
 ParOldGen       total 87552K, used 1866K [0x00000000a0000000, 0x00000000a5580000, 0x00000000e0000000)
  object space 87552K, 2% used [0x00000000a0000000,0x00000000a01d29f8,0x00000000a5580000)
 Metaspace       used 13361K, capacity 13664K, committed 13824K, reserved 1060864K
  class space    used 1845K, capacity 1988K, committed 2048K, reserved 1048576K
}
Event: 1.715 GC heap before
{Heap before GC invocations=4 (full 0):
 PSYoungGen      total 38400K, used 38368K [0x00000000e0000000, 0x00000000e2a80000, 0x0000000100000000)
  eden space 33280K, 100% used [0x00000000e0000000,0x00000000e2080000,0x00000000e2080000)
  from space 5120K, 99% used [0x00000000e2080000,0x00000000e2578020,0x00000000e2580000)
  to   space 5120K, 0% used [0x00000000e2580000,0x00000000e2580000,0x00000000e2a80000)
 ParOldGen       total 87552K, used 1866K [0x00000000a0000000, 0x00000000a5580000, 0x00000000e0000000)
  object space 87552K, 2% used [0x00000000a0000000,0x00000000a01d29f8,0x00000000a5580000)
 Metaspace       used 16276K, capacity 16656K, committed 16896K, reserved 1062912K
  class space    used 2314K, capacity 2478K, committed 2560K, reserved 1048576K
Event: 1.724 GC heap after
Heap after GC invocations=4 (full 0):
 PSYoungGen      total 38400K, used 5104K [0x00000000e0000000, 0x00000000e2a80000, 0x0000000100000000)
  eden space 33280K, 0% used [0x00000000e0000000,0x00000000e0000000,0x00000000e2080000)
  from space 5120K, 99% used [0x00000000e2580000,0x00000000e2a7c030,0x00000000e2a80000)
  to   space 5120K, 0% used [0x00000000e2080000,0x00000000e2080000,0x00000000e2580000)
 ParOldGen       total 87552K, used 4970K [0x00000000a0000000, 0x00000000a5580000, 0x00000000e0000000)
  object space 87552K, 5% used [0x00000000a0000000,0x00000000a04da8d8,0x00000000a5580000)
 Metaspace       used 16276K, capacity 16656K, committed 16896K, reserved 1062912K
  class space    used 2314K, capacity 2478K, committed 2560K, reserved 1048576K
}

Deoptimization events (10 events):
Event: 1.309 Thread 0x0000000017c72000 Uncommon trap: reason=unstable_if action=reinterpret pc=0x00000000027699b0 method=java.util.concurrent.ConcurrentHashMap.putVal(Ljava/lang/Object;Ljava/lang/Object;Z)Ljava/lang/Object; @ 206
Event: 1.347 Thread 0x0000000018f7b000 Uncommon trap: reason=bimorphic action=maybe_recompile pc=0x000000000262de08 method=java.util.HashMap.putVal(ILjava/lang/Object;Ljava/lang/Object;ZZ)Ljava/lang/Object; @ 253
Event: 1.347 Thread 0x0000000018f7b000 Uncommon trap: reason=bimorphic action=maybe_recompile pc=0x000000000262de08 method=java.util.HashMap.putVal(ILjava/lang/Object;Ljava/lang/Object;ZZ)Ljava/lang/Object; @ 253
Event: 1.347 Thread 0x0000000018f7b000 Uncommon trap: reason=bimorphic action=maybe_recompile pc=0x000000000262de08 method=java.util.HashMap.putVal(ILjava/lang/Object;Ljava/lang/Object;ZZ)Ljava/lang/Object; @ 253
Event: 1.347 Thread 0x0000000018f7b000 Uncommon trap: reason=bimorphic action=maybe_recompile pc=0x0000000002625a7c method=java.util.HashMap.putVal(ILjava/lang/Object;Ljava/lang/Object;ZZ)Ljava/lang/Object; @ 253
Event: 1.460 Thread 0x0000000018f7b000 Uncommon trap: reason=class_check action=maybe_recompile pc=0x00000000026691d8 method=java.util.regex.Matcher.match(II)Z @ 86
Event: 1.473 Thread 0x0000000018f7b000 Uncommon trap: reason=class_check action=maybe_recompile pc=0x00000000026691d8 method=java.util.regex.Matcher.match(II)Z @ 86
Event: 1.473 Thread 0x0000000018f7b000 Uncommon trap: reason=class_check action=maybe_recompile pc=0x00000000026691d8 method=java.util.regex.Matcher.match(II)Z @ 86
Event: 1.473 Thread 0x0000000018f7b000 Uncommon trap: reason=class_check action=maybe_recompile pc=0x000000000261fa1c method=java.util.regex.Matcher.match(II)Z @ 86
Event: 1.605 Thread 0x0000000018f7b000 Uncommon trap: reason=unstable_if action=reinterpret pc=0x0000000002761434 method=java.lang.String.lastIndexOf([CII[CIII)I @ 66

Classes redefined (0 events):
No events

Internal exceptions (10 events):
Event: 0.782 Thread 0x000000000229e000 Exception <a 'java/lang/NoSuchFieldError': method resolution failed> (0x00000000e202a968) thrown at [D:\src\AOSP-openjdk-cygwin\jdk8u\hotspot\src\share\vm\prims\methodHandles.cpp, line 1167]
Event: 0.783 Thread 0x000000000229e000 Exception <a 'java/lang/NoSuchFieldError': method resolution failed> (0x00000000e2038648) thrown at [D:\src\AOSP-openjdk-cygwin\jdk8u\hotspot\src\share\vm\prims\methodHandles.cpp, line 1167]
Event: 1.279 Thread 0x000000000229e000 Exception <a 'java/io/IOException'> (0x00000000e07d68f0) thrown at [D:\src\AOSP-openjdk-cygwin\jdk8u\hotspot\src\share\vm\prims\jni.cpp, line 710]
Event: 1.310 Thread 0x0000000017c72000 Exception <a 'java/lang/NoSuchMethodError': <clinit>> (0x00000000e099baa0) thrown at [D:\src\AOSP-openjdk-cygwin\jdk8u\hotspot\src\share\vm\prims\jni.cpp, line 1614]
Event: 1.310 Thread 0x0000000017c72000 Exception <a 'java/lang/NoSuchMethodError': <clinit>> (0x00000000e09a5850) thrown at [D:\src\AOSP-openjdk-cygwin\jdk8u\hotspot\src\share\vm\prims\jni.cpp, line 1614]
Event: 1.312 Thread 0x0000000017c72000 Exception <a 'java/lang/NoSuchMethodError': <clinit>> (0x00000000e09b9a00) thrown at [D:\src\AOSP-openjdk-cygwin\jdk8u\hotspot\src\share\vm\prims\jni.cpp, line 1614]
Event: 1.317 Thread 0x0000000017c72000 Exception <a 'java/lang/NoSuchMethodError': <clinit>> (0x00000000e0a14998) thrown at [D:\src\AOSP-openjdk-cygwin\jdk8u\hotspot\src\share\vm\prims\jni.cpp, line 1614]
Event: 1.321 Thread 0x0000000017c72000 Exception <a 'java/lang/NoSuchMethodError': <clinit>> (0x00000000e0a4c6c8) thrown at [D:\src\AOSP-openjdk-cygwin\jdk8u\hotspot\src\share\vm\prims\jni.cpp, line 1614]
Event: 1.324 Thread 0x0000000017c72000 Exception <a 'java/lang/NoSuchMethodError': <clinit>> (0x00000000e0a827d8) thrown at [D:\src\AOSP-openjdk-cygwin\jdk8u\hotspot\src\share\vm\prims\jni.cpp, line 1614]
Event: 1.325 Thread 0x0000000017c72000 Exception <a 'java/lang/NoSuchMethodError': <clinit>> (0x00000000e0a8e240) thrown at [D:\src\AOSP-openjdk-cygwin\jdk8u\hotspot\src\share\vm\prims\jni.cpp, line 1614]

Events (10 events):
Event: 1.753 loading class org/gradle/internal/resource/BasicTextResourceLoader
Event: 1.753 loading class org/gradle/internal/resource/BasicTextResourceLoader done
Event: 1.753 loading class org/gradle/internal/resource/TextResource
Event: 1.753 loading class org/gradle/internal/resource/TextResource done
Event: 1.754 loading class org/gradle/initialization/layout/BuildLayoutConfiguration
Event: 1.754 loading class org/gradle/initialization/layout/BuildLayoutConfiguration done
Event: 1.754 loading class org/gradle/internal/scripts/DefaultScriptFileResolver
Event: 1.754 loading class org/gradle/internal/scripts/DefaultScriptFileResolver done
Event: 1.754 loading class org/gradle/internal/scripts/ScriptFileResolver
Event: 1.754 loading class org/gradle/internal/scripts/ScriptFileResolver done


Dynamic libraries:
0x00007ff740af0000 - 0x00007ff740b21000 	C:\Program Files\Android\Android Studio\jre\bin\java.exe
0x00007ff918e70000 - 0x00007ff91905d000 	C:\WINDOWS\SYSTEM32\ntdll.dll
0x00007ff9161b0000 - 0x00007ff916263000 	C:\WINDOWS\System32\KERNEL32.DLL
0x00007ff915a00000 - 0x00007ff915c93000 	C:\WINDOWS\System32\KERNELBASE.dll
0x00007ff916fd0000 - 0x00007ff917073000 	C:\WINDOWS\System32\ADVAPI32.dll
0x00007ff918a60000 - 0x00007ff918afe000 	C:\WINDOWS\System32\msvcrt.dll
0x00007ff916110000 - 0x00007ff9161ae000 	C:\WINDOWS\System32\sechost.dll
0x00007ff918cb0000 - 0x00007ff918dd2000 	C:\WINDOWS\System32\RPCRT4.dll
0x00007ff9188c0000 - 0x00007ff918a57000 	C:\WINDOWS\System32\USER32.dll
0x00007ff915140000 - 0x00007ff915160000 	C:\WINDOWS\System32\win32u.dll
0x00007ff916310000 - 0x00007ff916339000 	C:\WINDOWS\System32\GDI32.dll
0x00007ff915d00000 - 0x00007ff915e99000 	C:\WINDOWS\System32\gdi32full.dll
0x00007ff915ea0000 - 0x00007ff915f40000 	C:\WINDOWS\System32\msvcp_win.dll
0x00007ff915f90000 - 0x00007ff91608a000 	C:\WINDOWS\System32\ucrtbase.dll
0x00007ff90dc50000 - 0x00007ff90dec9000 	C:\WINDOWS\WinSxS\amd64_microsoft.windows.common-controls_6595b64144ccf1df_6.0.17763.973_none_05b245900721eb81\COMCTL32.dll
0x00007ff916bb0000 - 0x00007ff916edc000 	C:\WINDOWS\System32\combase.dll
0x00007ff915210000 - 0x00007ff91528e000 	C:\WINDOWS\System32\bcryptPrimitives.dll
0x00007ff916ef0000 - 0x00007ff916f1e000 	C:\WINDOWS\System32\IMM32.DLL
0x000000006b1d0000 - 0x000000006b2a2000 	C:\Program Files\Android\Android Studio\jre\jre\bin\msvcr100.dll
0x000000006b390000 - 0x000000006bbd6000 	C:\Program Files\Android\Android Studio\jre\jre\bin\server\jvm.dll
0x00007ff918b70000 - 0x00007ff918b78000 	C:\WINDOWS\System32\PSAPI.DLL
0x00007ff90ec60000 - 0x00007ff90ec69000 	C:\WINDOWS\SYSTEM32\WSOCK32.dll
0x00007ff918b00000 - 0x00007ff918b6d000 	C:\WINDOWS\System32\WS2_32.dll
0x00007ff903ca0000 - 0x00007ff903cc4000 	C:\WINDOWS\SYSTEM32\WINMM.dll
0x00007ff90e100000 - 0x00007ff90e10a000 	C:\WINDOWS\SYSTEM32\VERSION.dll
0x00007ff903c70000 - 0x00007ff903c9d000 	C:\WINDOWS\SYSTEM32\WINMMBASE.dll
0x00007ff915f40000 - 0x00007ff915f8a000 	C:\WINDOWS\System32\cfgmgr32.dll
0x00007ff90ec30000 - 0x00007ff90ec3f000 	C:\Program Files\Android\Android Studio\jre\jre\bin\verify.dll
0x00007ff90da30000 - 0x00007ff90da59000 	C:\Program Files\Android\Android Studio\jre\jre\bin\java.dll
0x00007ff90cf70000 - 0x00007ff90cf86000 	C:\Program Files\Android\Android Studio\jre\jre\bin\zip.dll
0x00007ff9170e0000 - 0x00007ff9185d4000 	C:\WINDOWS\System32\SHELL32.dll
0x00007ff916aa0000 - 0x00007ff916b48000 	C:\WINDOWS\System32\shcore.dll
0x00007ff915290000 - 0x00007ff9159dd000 	C:\WINDOWS\System32\windows.storage.dll
0x00007ff914ec0000 - 0x00007ff914ee4000 	C:\WINDOWS\System32\profapi.dll
0x00007ff914e60000 - 0x00007ff914ebd000 	C:\WINDOWS\System32\powrprof.dll
0x00007ff918de0000 - 0x00007ff918e32000 	C:\WINDOWS\System32\shlwapi.dll
0x00007ff914ef0000 - 0x00007ff914f01000 	C:\WINDOWS\System32\kernel.appcore.dll
0x00007ff9159e0000 - 0x00007ff9159f7000 	C:\WINDOWS\System32\cryptsp.dll
0x00007ff90cf50000 - 0x00007ff90cf6a000 	C:\Program Files\Android\Android Studio\jre\jre\bin\net.dll
0x00007ff9146d0000 - 0x00007ff914737000 	C:\WINDOWS\system32\mswsock.dll
0x00007ff90b8b0000 - 0x00007ff90b8c1000 	C:\Program Files\Android\Android Studio\jre\jre\bin\nio.dll
0x00007ff906550000 - 0x00007ff906576000 	C:\Users\AB_IR\.gradle\native\29\windows-amd64\native-platform.dll
0x00007ff90ec20000 - 0x00007ff90ec2d000 	C:\Program Files\Android\Android Studio\jre\jre\bin\management.dll
0x00007ff914250000 - 0x00007ff914283000 	C:\WINDOWS\system32\rsaenh.dll
0x00007ff914f30000 - 0x00007ff914f56000 	C:\WINDOWS\System32\bcrypt.dll
0x00007ff914d60000 - 0x00007ff914d88000 	C:\WINDOWS\SYSTEM32\USERENV.dll
0x00007ff9148a0000 - 0x00007ff9148ac000 	C:\WINDOWS\SYSTEM32\CRYPTBASE.dll
0x00007ff9143f0000 - 0x00007ff91442d000 	C:\WINDOWS\SYSTEM32\IPHLPAPI.DLL
0x00007ff916a90000 - 0x00007ff916a98000 	C:\WINDOWS\System32\NSI.dll
0x00007ff910760000 - 0x00007ff910776000 	C:\WINDOWS\SYSTEM32\dhcpcsvc6.DLL
0x00007ff910990000 - 0x00007ff9109ac000 	C:\WINDOWS\SYSTEM32\dhcpcsvc.DLL
0x00007ff914430000 - 0x00007ff9144f6000 	C:\WINDOWS\SYSTEM32\DNSAPI.dll

VM Arguments:
jvm_args: -Xmx1536m -Dfile.encoding=windows-1254 -Duser.country=US -Duser.language=en -Duser.variant 
java_command: org.gradle.launcher.daemon.bootstrap.GradleDaemon 5.4.1
java_class_path (initial): C:\Users\AB_IR\.gradle\wrapper\dists\gradle-5.4.1-all\3221gyojl5jsh0helicew7rwx\gradle-5.4.1\lib\gradle-launcher-5.4.1.jar
Launcher Type: SUN_STANDARD

Environment Variables:
PATH=C:\Program Files (x86)\NVIDIA Corporation\PhysX\Common;C:\ProgramData\Oracle\Java\javapath;C:\WINDOWS\system32;C:\WINDOWS;C:\WINDOWS\System32\Wbem;C:\WINDOWS\System32\WindowsPowerShell\v1.0\;C:\WINDOWS\System32\OpenSSH\;C:\Program Files (x86)\Microchip\xc8\v2.05\bin;C:\Program Files\dotnet\;C:\Program Files\MATLAB\R2017a\runtime\win64;C:\Program Files\MATLAB\R2017a\bin;C:\Users\AB_IR\AppData\Local\Programs\Python\Python37\Scripts\;C:\Users\AB_IR\AppData\Local\Programs\Python\Python37\;C:\Users\AB_IR\AppData\Local\Microsoft\WindowsApps;C:\Users\AB_IR\AppData\Local\GitHubDesktop\bin
USERNAME=AB_IR
OS=Windows_NT
PROCESSOR_IDENTIFIER=Intel64 Family 6 Model 158 Stepping 9, GenuineIntel



---------------  S Y S T E M  ---------------

OS: Windows 10.0 , 64 bit Build 17763 (10.0.17763.475)

CPU:total 4 (initial active 4) (4 cores per cpu, 1 threads per core) family 6 model 158 stepping 9, cmov, cx8, fxsr, mmx, sse, sse2, sse3, ssse3, sse4.1, sse4.2, popcnt, avx, avx2, aes, clmul, erms, 3dnowpref, lzcnt, tsc, tscinvbit, bmi1, bmi2, adx

Memory: 4k page, physical 8351332k(1245676k free), swap 59551332k(5296k free)

vm_info: OpenJDK 64-Bit Server VM (25.202-b03) for windows-amd64 JRE (1.8.0_202-release-1483-b03), built by "builder" with MS VC++ 10.0 (VS2010)

time: Thu Jan 30 05:01:06 2020
timezone: Turkey Standard Time
elapsed time: 1 seconds (0d 0h 0m 1s)

